<?xml version="1.0" encoding="UTF-8"?>
<!-- Generated by org.testng.reporters.JUnitReportReporter -->
<testsuite hostname="DESKTOP-99P843S" failures="0" tests="1" name="com.villeos.Test_case.Tc_24" time="33.087" errors="0" timestamp="2023-06-28T09:05:46 IST" skipped="0">
  <testcase classname="com.villeos.Test_case.Tc_24" name="About" time="33.087"/>
</testsuite> <!-- com.villeos.Test_case.Tc_24 -->
