<?xml version="1.0" encoding="UTF-8"?>
<!-- Generated by org.testng.reporters.JUnitReportReporter -->
<testsuite hostname="DESKTOP-99P843S" failures="0" tests="1" name="com.villeos.Backlog_Test_case.Note" time="85.704" errors="0" timestamp="2023-08-01T22:34:15 IST" skipped="0">
  <testcase classname="com.villeos.Backlog_Test_case.Note" name="Note_save" time="85.704"/>
</testsuite> <!-- com.villeos.Backlog_Test_case.Note -->
