<?xml version="1.0" encoding="UTF-8"?>
<!-- Generated by org.testng.reporters.JUnitReportReporter -->
<testsuite hostname="DESKTOP-99P843S" failures="0" tests="6" name="com.villeos.Backlog_Test_case.Login" time="348.138" errors="0" timestamp="2023-08-01T22:34:15 IST" skipped="0">
  <testcase classname="com.villeos.Backlog_Test_case.Login" name="login_valid_Credential" time="56.393"/>
  <testcase classname="com.villeos.Backlog_Test_case.Login" name="login_InValid_Credential" time="58.692"/>
  <testcase classname="com.villeos.Backlog_Test_case.Login" name="login_InValid_Credential" time="59.232"/>
  <testcase classname="com.villeos.Backlog_Test_case.Login" name="login_InValid_Credential" time="57.430"/>
  <testcase classname="com.villeos.Backlog_Test_case.Login" name="login_InValid_Credential" time="57.642"/>
  <testcase classname="com.villeos.Backlog_Test_case.Login" name="login_InValid_Credential" time="58.749"/>
</testsuite> <!-- com.villeos.Backlog_Test_case.Login -->
