<?xml version="1.0" encoding="UTF-8"?>
<!-- Generated by org.testng.reporters.JUnitReportReporter -->
<testsuite hostname="DESKTOP-99P843S" failures="0" tests="1" name="com.villeos.Test_case.Tc_13" time="75.613" errors="0" timestamp="2023-08-02T07:58:25 IST" skipped="0">
  <testcase classname="com.villeos.Test_case.Tc_13" name="Task_Message" time="75.613"/>
</testsuite> <!-- com.villeos.Test_case.Tc_13 -->
