<?xml version="1.0" encoding="UTF-8"?>
<!-- Generated by org.testng.reporters.JUnitReportReporter -->
<testsuite hostname="DESKTOP-99P843S" failures="0" tests="2" name="com.villeos.Backlog_Test_case.Help_feedback" time="153.489" errors="0" timestamp="2023-08-01T22:34:15 IST" skipped="0">
  <testcase classname="com.villeos.Backlog_Test_case.Help_feedback" name="Help_feedback_check" time="77.588"/>
  <testcase classname="com.villeos.Backlog_Test_case.Help_feedback" name="check_notification" time="75.901"/>
</testsuite> <!-- com.villeos.Backlog_Test_case.Help_feedback -->
