<?xml version="1.0" encoding="UTF-8"?>
<!-- Generated by org.testng.reporters.JUnitReportReporter -->
<testsuite hostname="DESKTOP-99P843S" failures="0" tests="2" name="com.villeos.Test_case.Tc_04" time="119.866" errors="0" timestamp="2023-08-02T07:58:24 IST" skipped="0">
  <testcase classname="com.villeos.Test_case.Tc_04" name="Sign_up_Process" time="54.709"/>
  <testcase classname="com.villeos.Test_case.Tc_04" name="Verify_code" time="65.157"/>
</testsuite> <!-- com.villeos.Test_case.Tc_04 -->
