<?xml version="1.0" encoding="UTF-8"?>
<!-- Generated by org.testng.reporters.JUnitReportReporter -->
<testsuite hostname="DESKTOP-99P843S" failures="0" tests="3" name="com.villeos.Test_case.Tc_09" time="262.414" errors="0" timestamp="2023-08-02T07:58:25 IST" skipped="0">
  <testcase classname="com.villeos.Test_case.Tc_09" name="Profile" time="86.484"/>
  <testcase classname="com.villeos.Test_case.Tc_09" name="Profile_Save" time="87.438"/>
  <testcase classname="com.villeos.Test_case.Tc_09" name="Profil_delete" time="88.492"/>
</testsuite> <!-- com.villeos.Test_case.Tc_09 -->
