<?xml version="1.0" encoding="UTF-8"?>
<!-- Generated by org.testng.reporters.JUnitReportReporter -->
<testsuite hostname="DESKTOP-99P843S" failures="0" tests="3" name="com.villeos.Test_case.Tc_06" time="187.470" errors="0" timestamp="2023-08-02T07:58:25 IST" skipped="0">
  <testcase classname="com.villeos.Test_case.Tc_06" name="verify_code" time="51.284"/>
  <testcase classname="com.villeos.Test_case.Tc_06" name="forgot_link" time="64.991"/>
  <testcase classname="com.villeos.Test_case.Tc_06" name="verifyEmailVerificationCode" time="71.195"/>
</testsuite> <!-- com.villeos.Test_case.Tc_06 -->
