<?xml version="1.0" encoding="UTF-8"?>
<!-- Generated by org.testng.reporters.JUnitReportReporter -->
<testsuite hostname="DESKTOP-99P843S" failures="0" tests="1" name="com.villeos.Test_case.Tc_15" time="102.979" errors="0" timestamp="2023-08-02T07:58:24 IST" skipped="0">
  <testcase classname="com.villeos.Test_case.Tc_15" name="Escrow_Timeline" time="102.979"/>
</testsuite> <!-- com.villeos.Test_case.Tc_15 -->
