<?xml version="1.0" encoding="UTF-8"?>
<!-- Generated by org.testng.reporters.JUnitReportReporter -->
<testsuite hostname="DESKTOP-99P843S" failures="0" tests="1" name="com.villeos.Backlog_Test_case.Delete_Account" time="81.341" errors="0" timestamp="2023-08-01T22:34:15 IST" skipped="0">
  <testcase classname="com.villeos.Backlog_Test_case.Delete_Account" name="account_delete" time="81.341"/>
</testsuite> <!-- com.villeos.Backlog_Test_case.Delete_Account -->
